{"level":"error","message":"Failed to connect to MongoDB. Retries left: 5","timestamp":"2025-04-29T13:49:41.682Z"}
{"level":"error","message":"Failed to connect to MongoDB. Retries left: 4","timestamp":"2025-04-29T13:49:46.684Z"}
{"level":"error","message":"Failed to connect to MongoDB. Retries left: 5","timestamp":"2025-04-29T13:52:40.991Z"}
{"level":"error","message":"Failed to connect to MongoDB. Retries left: 4","timestamp":"2025-04-29T13:52:45.998Z"}
{"level":"error","message":"Failed to connect to MongoDB. Retries left: 5","timestamp":"2025-04-29T13:54:08.040Z"}
{"level":"error","message":"Failed to connect to MongoDB. Retries left: 5","timestamp":"2025-04-29T13:54:39.142Z"}
{"level":"error","message":"Failed to connect to MongoDB. Retries left: 5","timestamp":"2025-04-29T13:54:59.274Z"}
{"level":"error","message":"Failed to connect to MongoDB. Retries left: 5","timestamp":"2025-04-29T13:58:45.418Z"}
{"level":"error","message":"Failed to connect to MongoDB. Retries left: 4","timestamp":"2025-04-29T13:59:20.607Z"}
{"level":"error","message":"Failed to connect to MongoDB. Retries left: 3","timestamp":"2025-04-29T13:59:55.723Z"}
{"level":"error","message":"Failed to connect to MongoDB. Retries left: 2","timestamp":"2025-04-29T14:00:30.796Z"}
{"level":"error","message":"Failed to connect to MongoDB. Retries left: 5","timestamp":"2025-04-29T14:05:08.624Z"}
{"level":"error","message":"Error details: C8320000:error:0A000438:SSL routines:ssl3_read_bytes:tlsv1 alert internal error:c:\\ws\\deps\\openssl\\openssl\\ssl\\record\\rec_layer_s3.c:1586:SSL alert number 80\n","timestamp":"2025-04-29T14:05:08.626Z"}
{"level":"error","message":"Failed to connect to MongoDB. Retries left: 4","timestamp":"2025-04-29T14:05:46.154Z"}
{"level":"error","message":"Error details: C8320000:error:0A000438:SSL routines:ssl3_read_bytes:tlsv1 alert internal error:c:\\ws\\deps\\openssl\\openssl\\ssl\\record\\rec_layer_s3.c:1586:SSL alert number 80\n","timestamp":"2025-04-29T14:05:46.156Z"}
{"level":"error","message":"Failed to connect to MongoDB. Retries left: 5","timestamp":"2025-04-29T14:08:09.345Z"}
{"level":"error","message":"Error details: 5C010000:error:0A000438:SSL routines:ssl3_read_bytes:tlsv1 alert internal error:c:\\ws\\deps\\openssl\\openssl\\ssl\\record\\rec_layer_s3.c:1586:SSL alert number 80\n","timestamp":"2025-04-29T14:08:09.346Z"}
{"level":"error","message":"Failed to connect to MongoDB. Retries left: 4","timestamp":"2025-04-29T14:08:44.664Z"}
{"level":"error","message":"Error details: 5C010000:error:0A000438:SSL routines:ssl3_read_bytes:tlsv1 alert internal error:c:\\ws\\deps\\openssl\\openssl\\ssl\\record\\rec_layer_s3.c:1586:SSL alert number 80\n","timestamp":"2025-04-29T14:08:44.666Z"}
{"level":"error","message":"Failed to connect to MongoDB. Retries left: 3","timestamp":"2025-04-29T14:09:19.745Z"}
{"level":"error","message":"Error details: 5C010000:error:0A000438:SSL routines:ssl3_read_bytes:tlsv1 alert internal error:c:\\ws\\deps\\openssl\\openssl\\ssl\\record\\rec_layer_s3.c:1586:SSL alert number 80\n","timestamp":"2025-04-29T14:09:19.747Z"}
{"level":"error","message":"Failed to connect to MongoDB. Retries left: 5","timestamp":"2025-04-29T14:09:56.689Z"}
{"level":"error","message":"Error details: 9C380000:error:0A000438:SSL routines:ssl3_read_bytes:tlsv1 alert internal error:c:\\ws\\deps\\openssl\\openssl\\ssl\\record\\rec_layer_s3.c:1586:SSL alert number 80\n","timestamp":"2025-04-29T14:09:56.691Z"}
{"level":"error","message":"Failed to connect to MongoDB. Retries left: 4","timestamp":"2025-04-29T14:10:31.912Z"}
{"level":"error","message":"Error details: 9C380000:error:0A000438:SSL routines:ssl3_read_bytes:tlsv1 alert internal error:c:\\ws\\deps\\openssl\\openssl\\ssl\\record\\rec_layer_s3.c:1586:SSL alert number 80\n","timestamp":"2025-04-29T14:10:31.913Z"}
{"level":"error","message":"Failed to connect to MongoDB. Retries left: 3","timestamp":"2025-04-29T14:11:07.001Z"}
{"level":"error","message":"Error details: 9C380000:error:0A000438:SSL routines:ssl3_read_bytes:tlsv1 alert internal error:c:\\ws\\deps\\openssl\\openssl\\ssl\\record\\rec_layer_s3.c:1586:SSL alert number 80\n","timestamp":"2025-04-29T14:11:07.003Z"}
{"level":"error","message":"Failed to connect to MongoDB. Retries left: 2","timestamp":"2025-04-29T14:11:43.714Z"}
{"level":"error","message":"Failed to connect to MongoDB. Retries left: 5","timestamp":"2025-04-29T14:13:43.710Z"}
{"level":"error","message":"Failed to connect to MongoDB. Retries left: 5","timestamp":"2025-04-29T14:14:37.095Z"}
{"level":"error","message":"Error details: CC0D0000:error:0A000438:SSL routines:ssl3_read_bytes:tlsv1 alert internal error:c:\\ws\\deps\\openssl\\openssl\\ssl\\record\\rec_layer_s3.c:1586:SSL alert number 80\n","timestamp":"2025-04-29T14:14:37.097Z"}
{"level":"error","message":"Failed to connect to MongoDB. Retries left: 5","timestamp":"2025-04-29T14:15:14.105Z"}
{"level":"error","message":"Error details: querySrv ENOTFOUND _mongodb._tcp.cluster0.mongodb.net","timestamp":"2025-04-29T14:15:14.107Z"}
{"level":"error","message":"Failed to connect to MongoDB. Retries left: 5","timestamp":"2025-04-29T14:16:14.328Z"}
{"level":"error","message":"Failed to connect to MongoDB. Retries left: 5","timestamp":"2025-04-29T14:16:54.881Z"}
{"level":"error","message":"Failed to connect to MongoDB. Retries left: 5","timestamp":"2025-04-29T14:17:33.792Z"}
{"level":"error","message":"Failed to connect to MongoDB. Retries left: 5","timestamp":"2025-04-29T14:19:58.847Z"}
{"level":"error","message":"Failed to connect to MongoDB. Retries left: 5","timestamp":"2025-04-29T14:21:14.495Z"}
{"level":"error","message":"Failed to connect to MongoDB. Retries left: 1","timestamp":"2025-04-29T14:21:47.993Z"}
{"level":"error","message":"Error details: 9C200000:error:0A000438:SSL routines:ssl3_read_bytes:tlsv1 alert internal error:c:\\ws\\deps\\openssl\\openssl\\ssl\\record\\rec_layer_s3.c:1586:SSL alert number 80\n","timestamp":"2025-04-29T14:21:47.994Z"}
{"level":"error","message":"MongoDB connection failed after multiple retries.","timestamp":"2025-04-29T14:21:53.002Z"}
